<?xml version="1.0" encoding="UTF-8"?>
<testsuite name="org.swe.server.InstructorTest" tests="4" skipped="0" failures="0" errors="0" timestamp="2023-03-07T16:55:50" hostname="DESKTOP-6LO900O" time="0.167">
  <properties/>
  <testcase name="uploadGrades()" classname="org.swe.server.InstructorTest" time="0.072"/>
  <testcase name="offerRemoveCourse()" classname="org.swe.server.InstructorTest" time="0.063"/>
  <testcase name="downloadStudentDetails()" classname="org.swe.server.InstructorTest" time="0.011"/>
  <testcase name="viewGrades()" classname="org.swe.server.InstructorTest" time="0.016"/>
  <system-out><![CDATA[]]></system-out>
  <system-err><![CDATA[]]></system-err>
</testsuite>
