<?xml version="1.0" encoding="UTF-8"?>
<testsuite name="org.swe.ui.AcadOfficeInterfaceTest" tests="1" skipped="0" failures="0" errors="0" timestamp="2023-03-07T16:55:51" hostname="DESKTOP-6LO900O" time="0.106">
  <properties/>
  <testcase name="acadProcedures()" classname="org.swe.ui.AcadOfficeInterfaceTest" time="0.106"/>
  <system-out><![CDATA[]]></system-out>
  <system-err><![CDATA[]]></system-err>
</testsuite>
